Start testing: May 15 23:44 PDT
----------------------------------------------------------
1/1 Testing: websocket-client-test
1/1 Test: websocket-client-test
Command: "/Users/samsonhu/network-monitor/build/Release/network-monitor-tests"
Directory: /Users/samsonhu/network-monitor/build/Release
"websocket-client-test" start time: May 15 23:44 PDT
Output:
----------------------------------------------------------
Running 1 test case...
OnRead > Error: Operation canceled

[1;32;49m*** No errors detected
[0;39;49m
<end of output>
Test time =   0.92 sec
----------------------------------------------------------
Test Passed.
"websocket-client-test" end time: May 15 23:44 PDT
"websocket-client-test" time elapsed: 00:00:00
----------------------------------------------------------

End testing: May 15 23:44 PDT
